mode: set
github.com/tiagomelo/go-templates/example-grpc-crud-service/db/db.go:18.62,20.16 2 1
github.com/tiagomelo/go-templates/example-grpc-crud-service/db/db.go:20.16,22.3 1 1
github.com/tiagomelo/go-templates/example-grpc-crud-service/db/db.go:23.2,23.16 1 1
github.com/tiagomelo/go-templates/example-grpc-crud-service/db/books/books.go:48.68,50.16 2 1
github.com/tiagomelo/go-templates/example-grpc-crud-service/db/books/books.go:50.16,52.3 1 1
github.com/tiagomelo/go-templates/example-grpc-crud-service/db/books/books.go:53.2,55.18 3 1
github.com/tiagomelo/go-templates/example-grpc-crud-service/db/books/books.go:55.18,57.85 2 1
github.com/tiagomelo/go-templates/example-grpc-crud-service/db/books/books.go:57.85,59.4 1 1
github.com/tiagomelo/go-templates/example-grpc-crud-service/db/books/books.go:60.3,60.31 1 1
github.com/tiagomelo/go-templates/example-grpc-crud-service/db/books/books.go:62.2,62.19 1 1
github.com/tiagomelo/go-templates/example-grpc-crud-service/db/books/books.go:66.81,69.83 3 1
github.com/tiagomelo/go-templates/example-grpc-crud-service/db/books/books.go:69.83,70.27 1 1
github.com/tiagomelo/go-templates/example-grpc-crud-service/db/books/books.go:70.27,72.4 1 1
github.com/tiagomelo/go-templates/example-grpc-crud-service/db/books/books.go:73.3,73.67 1 1
github.com/tiagomelo/go-templates/example-grpc-crud-service/db/books/books.go:75.2,75.19 1 1
github.com/tiagomelo/go-templates/example-grpc-crud-service/db/books/books.go:79.96,81.16 2 1
github.com/tiagomelo/go-templates/example-grpc-crud-service/db/books/books.go:81.16,83.76 2 1
github.com/tiagomelo/go-templates/example-grpc-crud-service/db/books/books.go:83.76,85.4 1 1
github.com/tiagomelo/go-templates/example-grpc-crud-service/db/books/books.go:86.3,86.49 1 1
github.com/tiagomelo/go-templates/example-grpc-crud-service/db/books/books.go:88.2,89.16 2 1
github.com/tiagomelo/go-templates/example-grpc-crud-service/db/books/books.go:89.16,91.3 1 1
github.com/tiagomelo/go-templates/example-grpc-crud-service/db/books/books.go:92.2,93.21 2 1
github.com/tiagomelo/go-templates/example-grpc-crud-service/db/books/books.go:97.101,99.16 2 1
github.com/tiagomelo/go-templates/example-grpc-crud-service/db/books/books.go:99.16,101.3 1 1
github.com/tiagomelo/go-templates/example-grpc-crud-service/db/books/books.go:102.2,103.16 2 1
github.com/tiagomelo/go-templates/example-grpc-crud-service/db/books/books.go:103.16,105.3 1 1
github.com/tiagomelo/go-templates/example-grpc-crud-service/db/books/books.go:106.2,106.22 1 1
github.com/tiagomelo/go-templates/example-grpc-crud-service/db/books/books.go:106.22,108.3 1 1
github.com/tiagomelo/go-templates/example-grpc-crud-service/db/books/books.go:109.2,109.18 1 1
github.com/tiagomelo/go-templates/example-grpc-crud-service/db/books/books.go:113.68,114.72 1 1
github.com/tiagomelo/go-templates/example-grpc-crud-service/db/books/books.go:114.72,116.3 1 1
github.com/tiagomelo/go-templates/example-grpc-crud-service/db/books/books.go:117.2,117.12 1 1
github.com/tiagomelo/go-templates/example-grpc-crud-service/server/server.go:36.50,45.2 4 1
github.com/tiagomelo/go-templates/example-grpc-crud-service/server/server.go:47.115,49.16 2 1
github.com/tiagomelo/go-templates/example-grpc-crud-service/server/server.go:49.16,52.3 2 1
github.com/tiagomelo/go-templates/example-grpc-crud-service/server/server.go:53.2,55.8 1 1
github.com/tiagomelo/go-templates/example-grpc-crud-service/server/server.go:58.92,60.16 2 1
github.com/tiagomelo/go-templates/example-grpc-crud-service/server/server.go:60.16,62.35 2 1
github.com/tiagomelo/go-templates/example-grpc-crud-service/server/server.go:62.35,65.4 2 1
github.com/tiagomelo/go-templates/example-grpc-crud-service/server/server.go:66.3,67.109 2 1
github.com/tiagomelo/go-templates/example-grpc-crud-service/server/server.go:69.2,69.36 1 1
github.com/tiagomelo/go-templates/example-grpc-crud-service/server/server.go:72.98,74.48 2 1
github.com/tiagomelo/go-templates/example-grpc-crud-service/server/server.go:74.48,77.3 2 1
github.com/tiagomelo/go-templates/example-grpc-crud-service/server/server.go:78.2,79.16 2 1
github.com/tiagomelo/go-templates/example-grpc-crud-service/server/server.go:79.16,81.40 2 1
github.com/tiagomelo/go-templates/example-grpc-crud-service/server/server.go:81.40,84.4 2 1
github.com/tiagomelo/go-templates/example-grpc-crud-service/server/server.go:85.3,86.56 2 1
github.com/tiagomelo/go-templates/example-grpc-crud-service/server/server.go:88.2,89.21 2 1
github.com/tiagomelo/go-templates/example-grpc-crud-service/server/server.go:92.98,94.52 2 1
github.com/tiagomelo/go-templates/example-grpc-crud-service/server/server.go:94.52,97.3 2 1
github.com/tiagomelo/go-templates/example-grpc-crud-service/server/server.go:98.2,99.16 2 1
github.com/tiagomelo/go-templates/example-grpc-crud-service/server/server.go:99.16,101.39 2 1
github.com/tiagomelo/go-templates/example-grpc-crud-service/server/server.go:101.39,104.4 2 1
github.com/tiagomelo/go-templates/example-grpc-crud-service/server/server.go:105.3,106.56 2 1
github.com/tiagomelo/go-templates/example-grpc-crud-service/server/server.go:108.2,108.21 1 1
github.com/tiagomelo/go-templates/example-grpc-crud-service/server/server.go:111.112,112.63 1 1
github.com/tiagomelo/go-templates/example-grpc-crud-service/server/server.go:112.63,116.3 2 1
github.com/tiagomelo/go-templates/example-grpc-crud-service/server/server.go:117.2,119.8 1 1
